<polyspace-bug-finder R2020b PID11472 PGID11472>

Polyspace verification of x_platform project.
Starting at 09/06/2021, 21h27.

Remark: -O2 is ignored in Polyspace Bug Finder.
Remark: -to is ignored in Polyspace Bug Finder.
Remark: -main-generator-calls is ignored in Polyspace Bug Finder.
Remark: -class-analyzer is ignored in Polyspace Bug Finder.
Remark: -unsigned-integer-overflows is ignored in Polyspace Bug Finder.
Remark: -signed-integer-overflows is ignored in Polyspace Bug Finder.
Remark: -check-subnormal is ignored in Polyspace Bug Finder.
Remark: -uncalled-function-checks is ignored in Polyspace Bug Finder.
Remark: -class-analyzer-calls is ignored in Polyspace Bug Finder.
Remark: -main-generator-writes-variables is ignored in Polyspace Bug Finder.
Remark: -float-rounding-mode is ignored in Polyspace Bug Finder.
Warning: no such directory to include : E:\git\Embedded_Software_Architecture\03_Project_Code\x_platform\RuntimeEnvironment\Bsw_Interface\Hal_Interface
Warning: no such directory to include : E:\git\Embedded_Software_Architecture\03_Project_Code\x_platform\RuntimeEnvironment\Bsw_Interface\Service_Interface
Remark: By default, some results are not generated for headers.
|       Search for '-generate-results-for' in user documentation to generate results for these headers.

Verifying sources compliance ...

Options used with Verifier:
-prog=x_platform
-lang=C-CPP
-polyspace-version=3.3 (R2020b)
-results-dir=E:\git\Embedded_Software_Architecture\04_Project_Test\00_SoftwareTest\Polyspace\Module_1\BF_Result
-date=06/09/2021

User:
-autosar-cpp14=all
-misra3=mandatory-required
-target=arm
-compiler=armcc
-dos=true
-D1=STM32F10X_HD=
-D2=USE_STDPERIPH_DRIVER=
-D3=__INLINE=
-D4=D_RTE_PLATFORM_SOC=
-D5=D_RTE_OS_LINUX=
-import-comments=E:\git\Embedded_Software_Architecture\04_Project_Test\00_SoftwareTest\Polyspace\Module_1\BF_Result\comments_bak
-verif-version=1.0
-author=HP
-I1=E:\git\Embedded_Software_Architecture\03_Project_Code\x_platform
-I2=E:\git\Embedded_Software_Architecture\03_Project_Code\x_platform\.x_platform.si4project\Backup
-I3=E:\git\Embedded_Software_Architecture\03_Project_Code\x_platform\ApplicationLayer\main
-I4=E:\git\Embedded_Software_Architecture\03_Project_Code\x_platform\HardwareAbstractionLayer\Interrupt
-I5=E:\git\Embedded_Software_Architecture\03_Project_Code\x_platform\HardwareAbstractionLayer\Key
-I6=E:\git\Embedded_Software_Architecture\03_Project_Code\x_platform\HardwareAbstractionLayer\Led
-I7=E:\git\Embedded_Software_Architecture\03_Project_Code\x_platform\HardwareAbstractionLayer\Platform
-I8=E:\git\Embedded_Software_Architecture\03_Project_Code\x_platform\HardwareAbstractionLayer\RTC
-I9=E:\git\Embedded_Software_Architecture\03_Project_Code\x_platform\HardwareAbstractionLayer\SD
-I10=E:\git\Embedded_Software_Architecture\03_Project_Code\x_platform\HardwareAbstractionLayer\Sram
-I11=E:\git\Embedded_Software_Architecture\03_Project_Code\x_platform\HardwareAbstractionLayer\Timer
-I12=E:\git\Embedded_Software_Architecture\03_Project_Code\x_platform\HardwareAbstractionLayer\Uart
-I13=E:\git\Embedded_Software_Architecture\03_Project_Code\x_platform\HardwareAbstractionLayer\Watchdog
-I14=E:\git\Embedded_Software_Architecture\03_Project_Code\x_platform\HardwareDriverLayer\DWT
-I15=E:\git\Embedded_Software_Architecture\03_Project_Code\x_platform\HardwareDriverLayer\GPIO
-I16=E:\git\Embedded_Software_Architecture\03_Project_Code\x_platform\HardwareDriverLayer\HardwareCore
-I17=E:\git\Embedded_Software_Architecture\03_Project_Code\x_platform\HardwareDriverLayer\Interrupt
-I18=E:\git\Embedded_Software_Architecture\03_Project_Code\x_platform\HardwareDriverLayer\RTC
-I19=E:\git\Embedded_Software_Architecture\03_Project_Code\x_platform\HardwareDriverLayer\SD
-I20=E:\git\Embedded_Software_Architecture\03_Project_Code\x_platform\HardwareDriverLayer\SPI
-I21=E:\git\Embedded_Software_Architecture\03_Project_Code\x_platform\HardwareDriverLayer\Sram
-I22=E:\git\Embedded_Software_Architecture\03_Project_Code\x_platform\HardwareDriverLayer\Timer
-I23=E:\git\Embedded_Software_Architecture\03_Project_Code\x_platform\HardwareDriverLayer\Uart
-I24=E:\git\Embedded_Software_Architecture\03_Project_Code\x_platform\HardwareDriverLayer\Watchdog
-I25=E:\git\Embedded_Software_Architecture\03_Project_Code\x_platform\RuntimeEnvironment\Env_Config
-I26=E:\git\Embedded_Software_Architecture\03_Project_Code\x_platform\ServicesLayer\Algor
-I27=E:\git\Embedded_Software_Architecture\03_Project_Code\x_platform\ServicesLayer\Lib
-I28=E:\git\Embedded_Software_Architecture\03_Project_Code\x_platform\ServicesLayer\Memory
-I29=E:\git\Embedded_Software_Architecture\03_Project_Code\x_platform\HardwareDriverLayer\STM32F10x_FWLib\inc
-I30=E:\git\Embedded_Software_Architecture\03_Project_Code\x_platform\ServicesLayer\DataStructOpt\inc
-I31=E:\git\Embedded_Software_Architecture\03_Project_Code\x_platform\ServicesLayer\FATFS\src
-I32=E:\git\Embedded_Software_Architecture\03_Project_Code\x_platform\ServicesLayer\osal\inc
-I33=E:\git\Embedded_Software_Architecture\03_Project_Code\x_platform\ServicesLayer\uCOSIII\uC-CPU
-I34=E:\git\Embedded_Software_Architecture\03_Project_Code\x_platform\ServicesLayer\uCOSIII\uC-LIB
-I35=E:\git\Embedded_Software_Architecture\03_Project_Code\x_platform\ServicesLayer\uCOSIII\uCOS-Config
-I36=E:\git\Embedded_Software_Architecture\03_Project_Code\x_platform\ServicesLayer\uCOSIII\uCOS-III\Source
-I37=E:\git\Embedded_Software_Architecture\03_Project_Code\x_platform\ServicesLayer\uCOSIII\uC-CPU\ARM-Cortex-M3\GNU
-I38=E:\git\Embedded_Software_Architecture\03_Project_Code\x_platform\ServicesLayer\uCOSIII\uC-CPU\ARM-Cortex-M3\IAR
-I39=E:\git\Embedded_Software_Architecture\03_Project_Code\x_platform\ServicesLayer\uCOSIII\uC-CPU\ARM-Cortex-M3\RealView
-I40=E:\git\Embedded_Software_Architecture\03_Project_Code\x_platform\ServicesLayer\uCOSIII\uCOS-III\Ports\ARM-Cortex-M3\Generic\GNU
-I41=E:\git\Embedded_Software_Architecture\03_Project_Code\x_platform\ServicesLayer\uCOSIII\uCOS-III\Ports\ARM-Cortex-M3\Generic\IAR
-I42=E:\git\Embedded_Software_Architecture\03_Project_Code\x_platform\ServicesLayer\uCOSIII\uCOS-III\Ports\ARM-Cortex-M3\Generic\RealView


Checkers enabled:
    Defects 114/300
    MISRA C:2012 133/171
    AUTOSAR C++14 308/308


Verifying host configuration:
Number of physical cores:                2
Number of logical cores:                 4
Processor type:                          amd64
Processor model:                Intel(R) Core(TM) i5-6200U CPU @ 2.30GHz
Processor frequency:            2.400 GHz
Memory > 4 GB:                                            15.88 GB
Tmp space available in C:\Users\HP\AppData\Local\Temp:    16.96 GB

Remark: 2 physical core(s) detected. The verification creates 2 process(es).
*** Configuration of the host :	OK


Type E:\git\Embedded_Software_Architecture\04_Project_Test\00_SoftwareTest\Polyspace\Module_1\BF_Result\kill-rte-kernel.bat on host ENVY to halt Verifier process


Checking license ...
License is OK


Polyspace C/C++ analysis
Copyright 1999-2020 The MathWorks, Inc.
All rights reserved.

Starting at: Mon Sep 06 21:27:12 2021
Host: MINGW64_NTx_64-6.2 ENVY 0 amd64
User: HP
**********************************************************
***
*** armcc C-CPP source compliance checking
***
**********************************************************

Verifying sources ...
Verifying debug_cmd.c (1/21) [C]
E:\git\Embedded_Software_Architecture\03_Project_Code\x_platform\RuntimeEnvironment\Env_Config\rte.h, line 21: warning: could not find include file "rte_bsw_srv_if.h"
|  #include "rte_bsw_srv_if.h"
|                             ^

E:\git\Embedded_Software_Architecture\03_Project_Code\x_platform\RuntimeEnvironment\Env_Config\rte.h, line 33: warning: could not find include file "rte_linux_if.h"
|  #include "rte_linux_if.h"
|                           ^

E:\git\Embedded_Software_Architecture\03_Project_Code\x_platform\RuntimeEnvironment\Env_Config\rte.h, line 34: warning: could not find include file "rte_elog_if.h"
|  #include "rte_elog_if.h"
|                          ^

E:\git\Embedded_Software_Architecture\03_Project_Code\x_platform\ApplicationLayer\Debug_Cmd\debug_cmd.h, line 31: error: identifier "uint16_t" is undefined
|  typedef void (*Debug_SubFuncPtr)(char pData[], uint16_t dataLen);
|                                                 ^

E:\git\Embedded_Software_Architecture\03_Project_Code\x_platform\ApplicationLayer\Debug_Cmd\debug_cmd.h, line 43: error: identifier "uint8_t" is undefined
|      uint8_t cmdSubFuncNum;                                  /*!< 子功能数量 */
|      ^

E:\git\Embedded_Software_Architecture\03_Project_Code\x_platform\ApplicationLayer\Debug_Cmd\debug_tp.h, line 26: error: identifier "uint16_t" is undefined
|  typedef void (*DebugTp_ServersHandleFunc)(char pData[], uint16_t dataLen);
|                                                          ^

E:\git\Embedded_Software_Architecture\03_Project_Code\x_platform\ApplicationLayer\Debug_Cmd\debug_elog_if.h, line 22: error: identifier "uint16_t" is undefined
|  void DbgElog_OnHandle(char pData[], uint16_t dataLen);
|                                      ^

E:\git\Embedded_Software_Architecture\03_Project_Code\x_platform\ApplicationLayer\Debug_Cmd\debug_elog_if.h, line 23: error: identifier "uint16_t" is undefined
|  void DbgElog_OffHandle(char pData[], uint16_t dataLen);
|                                       ^

E:\git\Embedded_Software_Architecture\03_Project_Code\x_platform\ApplicationLayer\Debug_Cmd\debug_elog_if.h, line 24: error: identifier "uint16_t" is undefined
|  void DbgElog_SetLevelHandle(char pData[], uint16_t dataLen);
|                                            ^

E:\git\Embedded_Software_Architecture\03_Project_Code\x_platform\ApplicationLayer\Debug_Cmd\debug_cmd.c, line 32: error: expression must have a constant value
|      {"elog_set", Debug_ElogSetFuncCfg, 2},
|                   ^

E:\git\Embedded_Software_Architecture\03_Project_Code\x_platform\ApplicationLayer\Debug_Cmd\debug_cmd.c, line 33: error: expression must have a constant value
|      {"elog_set_level", Debug_ElogSetLvlCfg, 1},
|                         ^

E:\git\Embedded_Software_Architecture\03_Project_Code\x_platform\ApplicationLayer\Debug_Cmd\debug_cmd.c, line 39: error: identifier "uint16_t" is undefined
|  static void Debug_CmdHandle(char pData[], uint16_t dataLen);
|                                            ^

E:\git\Embedded_Software_Architecture\03_Project_Code\x_platform\ApplicationLayer\Debug_Cmd\debug_cmd.c, line 40: error: identifier "uint16_t" is undefined
|  static int Debug_ParseCmdType(char pData[], uint16_t dataLen);
|                                              ^

E:\git\Embedded_Software_Architecture\03_Project_Code\x_platform\ApplicationLayer\Debug_Cmd\debug_cmd.c, line 77: error: identifier "uint16_t" is undefined
|  static void Debug_CmdHandle(char pData[], uint16_t dataLen)
|                                            ^

E:\git\Embedded_Software_Architecture\03_Project_Code\x_platform\ApplicationLayer\Debug_Cmd\debug_cmd.c, line 79: error: identifier "uint16_t" is undefined
|      uint16_t i = 0;
|      ^

E:\git\Embedded_Software_Architecture\03_Project_Code\x_platform\ApplicationLayer\Debug_Cmd\debug_cmd.c, line 80: error: identifier "uint16_t" is undefined
|      uint16_t j = 0;
|      ^

E:\git\Embedded_Software_Architecture\03_Project_Code\x_platform\ApplicationLayer\Debug_Cmd\debug_cmd.c, line 124: error: identifier "uint16_t" is undefined
|  static int Debug_ParseCmdType(char pData[], uint16_t dataLen)
|                                              ^

E:\git\Embedded_Software_Architecture\03_Project_Code\x_platform\ApplicationLayer\Debug_Cmd\debug_cmd.c, line 127: error: identifier "uint16_t" is undefined
|      uint16_t i = 0;
|      ^

E:\git\Embedded_Software_Architecture\03_Project_Code\x_platform\ApplicationLayer\Debug_Cmd\debug_cmd.c, line 128: error: identifier "StdBoolean_t" is undefined
|      StdBoolean_t cmdTypeInd = D_STD_FALSE;
|      ^

E:\git\Embedded_Software_Architecture\03_Project_Code\x_platform\ApplicationLayer\Debug_Cmd\debug_cmd.c, line 128: error: identifier "D_STD_FALSE" is undefined
|      StdBoolean_t cmdTypeInd = D_STD_FALSE;
|                                ^

E:\git\Embedded_Software_Architecture\03_Project_Code\x_platform\ApplicationLayer\Debug_Cmd\debug_cmd.c, line 129: error: identifier "uint16_t" is undefined
|      uint16_t readIndex = 0;
|      ^

E:\git\Embedded_Software_Architecture\03_Project_Code\x_platform\ApplicationLayer\Debug_Cmd\debug_cmd.c, line 131: error: identifier "NULL" is undefined
|      if (pData == NULL)
|                   ^

E:\git\Embedded_Software_Architecture\03_Project_Code\x_platform\ApplicationLayer\Debug_Cmd\debug_cmd.c, line 151: error: identifier "D_STD_TRUE" is undefined
|                  cmdTypeInd = D_STD_TRUE;
|                               ^

20 errors detected in the compilation of "debug_cmd.c".
E:\git\Embedded_Software_Architecture\03_Project_Code\x_platform\ApplicationLayer\Debug_Cmd\debug_cmd.c: warning: Failed compilation.
Verifying debug_client.c (2/21) [C]
Verifying debug_elog_if.c (3/21) [C]
E:\git\Embedded_Software_Architecture\03_Project_Code\x_platform\RuntimeEnvironment\Env_Config\rte.h, line 21: warning: could not find include file "rte_bsw_srv_if.h"
|  #include "rte_bsw_srv_if.h"
|                             ^

E:\git\Embedded_Software_Architecture\03_Project_Code\x_platform\RuntimeEnvironment\Env_Config\rte.h, line 33: warning: could not find include file "rte_linux_if.h"
|  #include "rte_linux_if.h"
|                           ^

E:\git\Embedded_Software_Architecture\03_Project_Code\x_platform\RuntimeEnvironment\Env_Config\rte.h, line 34: warning: could not find include file "rte_elog_if.h"
|  #include "rte_elog_if.h"
|                          ^

E:\git\Embedded_Software_Architecture\03_Project_Code\x_platform\ApplicationLayer\Debug_Cmd\debug_elog_if.h, line 22: error: identifier "uint16_t" is undefined
|  void DbgElog_OnHandle(char pData[], uint16_t dataLen);
|                                      ^

E:\git\Embedded_Software_Architecture\03_Project_Code\x_platform\ApplicationLayer\Debug_Cmd\debug_elog_if.h, line 23: error: identifier "uint16_t" is undefined
|  void DbgElog_OffHandle(char pData[], uint16_t dataLen);
|                                       ^

E:\git\Embedded_Software_Architecture\03_Project_Code\x_platform\ApplicationLayer\Debug_Cmd\debug_elog_if.h, line 24: error: identifier "uint16_t" is undefined
|  void DbgElog_SetLevelHandle(char pData[], uint16_t dataLen);
|                                            ^

E:\git\Embedded_Software_Architecture\03_Project_Code\x_platform\ApplicationLayer\Debug_Cmd\debug_elog_if.c, line 28: error: identifier "uint16_t" is undefined
|  void DbgElog_OnHandle(char pData[], uint16_t dataLen)
|                                      ^

E:\git\Embedded_Software_Architecture\03_Project_Code\x_platform\ApplicationLayer\Debug_Cmd\debug_elog_if.c, line 32: error: identifier "ELOG_LVL_VERBOSE" is undefined
|      RTE_ELOG_SET_LEVEL(ELOG_LVL_VERBOSE);
|                         ^

E:\git\Embedded_Software_Architecture\03_Project_Code\x_platform\ApplicationLayer\Debug_Cmd\debug_elog_if.c, line 50: error: identifier "uint16_t" is undefined
|  void DbgElog_OffHandle(char pData[], uint16_t dataLen)
|                                       ^

E:\git\Embedded_Software_Architecture\03_Project_Code\x_platform\ApplicationLayer\Debug_Cmd\debug_elog_if.c, line 54: error: identifier "ELOG_LVL_ASSERT" is undefined
|      RTE_ELOG_SET_LEVEL(ELOG_LVL_ASSERT);
|                         ^

E:\git\Embedded_Software_Architecture\03_Project_Code\x_platform\ApplicationLayer\Debug_Cmd\debug_elog_if.c, line 72: error: identifier "uint16_t" is undefined
|  void DbgElog_SetLevelHandle(char pData[], uint16_t dataLen)
|                                            ^

E:\git\Embedded_Software_Architecture\03_Project_Code\x_platform\ApplicationLayer\Debug_Cmd\debug_elog_if.c, line 76: error: identifier "NULL" is undefined
|      if ((pData == NULL)
|                    ^

E:\git\Embedded_Software_Architecture\03_Project_Code\x_platform\ApplicationLayer\Debug_Cmd\debug_elog_if.c, line 85: error: identifier "ELOG_LVL_VERBOSE" is undefined
|      if (num > ELOG_LVL_VERBOSE)
|                ^

E:\git\Embedded_Software_Architecture\03_Project_Code\x_platform\ApplicationLayer\Debug_Cmd\debug_elog_if.c, line 91: error: identifier "uint8_t" is undefined
|      RTE_ELOG_SET_LEVEL((uint8_t)num);
|                          ^

E:\git\Embedded_Software_Architecture\03_Project_Code\x_platform\ApplicationLayer\Debug_Cmd\debug_elog_if.c, line 91: error: expected a ")"
|      RTE_ELOG_SET_LEVEL((uint8_t)num);
|                                  ^

12 errors detected in the compilation of "debug_elog_if.c".
E:\git\Embedded_Software_Architecture\03_Project_Code\x_platform\ApplicationLayer\Debug_Cmd\debug_elog_if.c: warning: Failed compilation.
Verifying debug_tp.c (4/21) [C]
E:\git\Embedded_Software_Architecture\03_Project_Code\x_platform\RuntimeEnvironment\Env_Config\rte.h, line 21: warning: could not find include file "rte_bsw_srv_if.h"
|  #include "rte_bsw_srv_if.h"
|                             ^

E:\git\Embedded_Software_Architecture\03_Project_Code\x_platform\RuntimeEnvironment\Env_Config\rte.h, line 33: warning: could not find include file "rte_linux_if.h"
|  #include "rte_linux_if.h"
|                           ^

E:\git\Embedded_Software_Architecture\03_Project_Code\x_platform\RuntimeEnvironment\Env_Config\rte.h, line 34: warning: could not find include file "rte_elog_if.h"
|  #include "rte_elog_if.h"
|                          ^

E:\git\Embedded_Software_Architecture\03_Project_Code\x_platform\ApplicationLayer\Debug_Cmd\debug_tp.h, line 26: error: identifier "uint16_t" is undefined
|  typedef void (*DebugTp_ServersHandleFunc)(char pData[], uint16_t dataLen);
|                                                          ^

1 error detected in the compilation of "debug_tp.c".
E:\git\Embedded_Software_Architecture\03_Project_Code\x_platform\ApplicationLayer\Debug_Cmd\debug_tp.c: warning: Failed compilation.
Verifying hal.c (5/21) [C]
Verifying hal_int.c (6/21) [C]
E:\git\Embedded_Software_Architecture\03_Project_Code\x_platform\HardwareAbstractionLayer\Interrupt\hal_int.c, line 38: error: identifier "NVIC_PriorityGroup_2" is undefined
|      NVIC_PriorityGroupConfig(NVIC_PriorityGroup_2);
|                               ^

1 error detected in the compilation of "hal_int.c".
E:\git\Embedded_Software_Architecture\03_Project_Code\x_platform\HardwareAbstractionLayer\Interrupt\hal_int.c: warning: Failed compilation.
Verifying hal_key.c (7/21) [C]
Verifying hal_led.c (8/21) [C]
Verifying hal_rtc.c (9/21) [C]
E:\git\Embedded_Software_Architecture\03_Project_Code\x_platform\HardwareAbstractionLayer\RTC\hal_rtc.c, line 72: error: identifier "RTC_IT_SEC" is undefined
|      RTC_ITConfig(RTC_IT_SEC, DISABLE);
|                   ^

E:\git\Embedded_Software_Architecture\03_Project_Code\x_platform\HardwareAbstractionLayer\RTC\hal_rtc.c, line 72: error: identifier "DISABLE" is undefined
|      RTC_ITConfig(RTC_IT_SEC, DISABLE);
|                               ^

E:\git\Embedded_Software_Architecture\03_Project_Code\x_platform\HardwareAbstractionLayer\RTC\hal_rtc.c, line 82: error: identifier "ENABLE" is undefined
|      RTC_ITConfig(RTC_IT_SEC, ENABLE);
|                               ^

3 errors detected in the compilation of "hal_rtc.c".
E:\git\Embedded_Software_Architecture\03_Project_Code\x_platform\HardwareAbstractionLayer\RTC\hal_rtc.c: warning: Failed compilation.
Verifying hal_sd.c (10/21) [C]
E:\git\Embedded_Software_Architecture\03_Project_Code\x_platform\HardwareAbstractionLayer\SD\hal_sd.c, line 374: error: identifier "SPI_BaudRatePrescaler_256" is undefined
|      Drv_Spi2SetSpeed(SPI_BaudRatePrescaler_256);
|                       ^

E:\git\Embedded_Software_Architecture\03_Project_Code\x_platform\HardwareAbstractionLayer\SD\hal_sd.c, line 449: error: identifier "SPI_BaudRatePrescaler_2" is undefined
|      Drv_Spi2SetSpeed(SPI_BaudRatePrescaler_2);
|                       ^

2 errors detected in the compilation of "hal_sd.c".
E:\git\Embedded_Software_Architecture\03_Project_Code\x_platform\HardwareAbstractionLayer\SD\hal_sd.c: warning: Failed compilation.
Verifying hal_sram.c (11/21) [C]
Verifying hal_timer.c (12/21) [C]
Verifying hal_wdg.c (13/21) [C]
Verifying hal_uart.c (14/21) [C]
Verifying main.c (15/21) [C]
E:\git\Embedded_Software_Architecture\03_Project_Code\x_platform\RuntimeEnvironment\Env_Config\rte.h, line 21: warning: could not find include file "rte_bsw_srv_if.h"
|  #include "rte_bsw_srv_if.h"
|                             ^

E:\git\Embedded_Software_Architecture\03_Project_Code\x_platform\RuntimeEnvironment\Env_Config\rte.h, line 33: warning: could not find include file "rte_linux_if.h"
|  #include "rte_linux_if.h"
|                           ^

E:\git\Embedded_Software_Architecture\03_Project_Code\x_platform\RuntimeEnvironment\Env_Config\rte.h, line 34: warning: could not find include file "rte_elog_if.h"
|  #include "rte_elog_if.h"
|                          ^

E:\git\Embedded_Software_Architecture\03_Project_Code\x_platform\ApplicationLayer\main\main.c, line 12: warning: could not find include file "rte_debug_if.h"
|  #include "rte_debug_if.h"
|                           ^

Verifying osal.c (16/21) [C]
Verifying signal_segv.c (17/21) [C]
E:\git\Embedded_Software_Architecture\03_Project_Code\x_platform\ServicesLayer\ExceptionSignalCapture\signal_segv.c, line 48: error: struct "40" has no field "arm_r0"
|          fprintf(stderr, "reg[%02d]         = 0x" "%lx" "\n",0, uc->uc_mcontext . arm_r0);
|                                                                                   ^

E:\git\Embedded_Software_Architecture\03_Project_Code\x_platform\ServicesLayer\ExceptionSignalCapture\signal_segv.c, line 49: error: struct "40" has no field "arm_r1"
|          fprintf(stderr, "reg[%02d]         = 0x" "%lx" "\n",1, uc->uc_mcontext . arm_r1);
|                                                                                   ^

E:\git\Embedded_Software_Architecture\03_Project_Code\x_platform\ServicesLayer\ExceptionSignalCapture\signal_segv.c, line 50: error: struct "40" has no field "arm_r2"
|          fprintf(stderr, "reg[%02d]         = 0x" "%lx" "\n",2, uc->uc_mcontext . arm_r2);
|                                                                                   ^

E:\git\Embedded_Software_Architecture\03_Project_Code\x_platform\ServicesLayer\ExceptionSignalCapture\signal_segv.c, line 51: error: struct "40" has no field "arm_r3"
|          fprintf(stderr, "reg[%02d]         = 0x" "%lx" "\n",3, uc->uc_mcontext . arm_r3);
|                                                                                   ^

E:\git\Embedded_Software_Architecture\03_Project_Code\x_platform\ServicesLayer\ExceptionSignalCapture\signal_segv.c, line 52: error: struct "40" has no field "arm_r4"
|          fprintf(stderr, "reg[%02d]         = 0x" "%lx" "\n",4, uc->uc_mcontext . arm_r4);
|                                                                                   ^

E:\git\Embedded_Software_Architecture\03_Project_Code\x_platform\ServicesLayer\ExceptionSignalCapture\signal_segv.c, line 53: error: struct "40" has no field "arm_r5"
|          fprintf(stderr, "reg[%02d]         = 0x" "%lx" "\n",5, uc->uc_mcontext . arm_r5);
|                                                                                   ^

E:\git\Embedded_Software_Architecture\03_Project_Code\x_platform\ServicesLayer\ExceptionSignalCapture\signal_segv.c, line 54: error: struct "40" has no field "arm_r6"
|          fprintf(stderr, "reg[%02d]         = 0x" "%lx" "\n",6, uc->uc_mcontext . arm_r6);
|                                                                                   ^

E:\git\Embedded_Software_Architecture\03_Project_Code\x_platform\ServicesLayer\ExceptionSignalCapture\signal_segv.c, line 55: error: struct "40" has no field "arm_r7"
|          fprintf(stderr, "reg[%02d]         = 0x" "%lx" "\n",7, uc->uc_mcontext . arm_r7);
|                                                                                   ^

E:\git\Embedded_Software_Architecture\03_Project_Code\x_platform\ServicesLayer\ExceptionSignalCapture\signal_segv.c, line 56: error: struct "40" has no field "arm_r8"
|          fprintf(stderr, "reg[%02d]         = 0x" "%lx" "\n",8, uc->uc_mcontext . arm_r8);
|                                                                                   ^

E:\git\Embedded_Software_Architecture\03_Project_Code\x_platform\ServicesLayer\ExceptionSignalCapture\signal_segv.c, line 57: error: struct "40" has no field "arm_r9"
|          fprintf(stderr, "reg[%02d]         = 0x" "%lx" "\n",9, uc->uc_mcontext . arm_r9);
|                                                                                   ^

E:\git\Embedded_Software_Architecture\03_Project_Code\x_platform\ServicesLayer\ExceptionSignalCapture\signal_segv.c, line 58: error: struct "40" has no field "arm_r10"
|          fprintf(stderr, "reg[%02d]         = 0x" "%lx" "\n",10, uc->uc_mcontext . arm_r10);
|                                                                                    ^

E:\git\Embedded_Software_Architecture\03_Project_Code\x_platform\ServicesLayer\ExceptionSignalCapture\signal_segv.c, line 59: error: struct "40" has no field "arm_fp"
|          fprintf(stderr, "FP                = 0x" "%lx" "\n",uc->uc_mcontext . arm_fp);
|                                                                                ^

E:\git\Embedded_Software_Architecture\03_Project_Code\x_platform\ServicesLayer\ExceptionSignalCapture\signal_segv.c, line 60: error: struct "40" has no field "arm_ip"
|          fprintf(stderr, "IP                = 0x" "%lx" "\n",uc->uc_mcontext . arm_ip);
|                                                                                ^

E:\git\Embedded_Software_Architecture\03_Project_Code\x_platform\ServicesLayer\ExceptionSignalCapture\signal_segv.c, line 61: error: struct "40" has no field "arm_sp"
|          fprintf(stderr, "SP                = 0x" "%lx" "\n",uc->uc_mcontext . arm_sp);
|                                                                                ^

E:\git\Embedded_Software_Architecture\03_Project_Code\x_platform\ServicesLayer\ExceptionSignalCapture\signal_segv.c, line 62: error: struct "40" has no field "arm_lr"
|          fprintf(stderr, "LR                = 0x" "%lx" "\n",uc->uc_mcontext . arm_lr);
|                                                                                ^

E:\git\Embedded_Software_Architecture\03_Project_Code\x_platform\ServicesLayer\ExceptionSignalCapture\signal_segv.c, line 63: error: struct "40" has no field "arm_pc"
|          fprintf(stderr, "PC                = 0x" "%lx" "\n",uc->uc_mcontext . arm_pc);
|                                                                                ^

E:\git\Embedded_Software_Architecture\03_Project_Code\x_platform\ServicesLayer\ExceptionSignalCapture\signal_segv.c, line 64: error: struct "40" has no field "arm_cpsr"
|          fprintf(stderr, "CPSR              = 0x" "%lx" "\n",uc->uc_mcontext . arm_cpsr);
|                                                                                ^

E:\git\Embedded_Software_Architecture\03_Project_Code\x_platform\ServicesLayer\ExceptionSignalCapture\signal_segv.c, line 65: error: struct "40" has no field "fault_address"
|          fprintf(stderr, "Fault Address     = 0x" "%lx" "\n",uc->uc_mcontext . fault_address);
|                                                                                ^

E:\git\Embedded_Software_Architecture\03_Project_Code\x_platform\ServicesLayer\ExceptionSignalCapture\signal_segv.c, line 66: error: struct "40" has no field "trap_no"
|          fprintf(stderr, "Trap no           = 0x" "%lx" "\n",uc->uc_mcontext . trap_no);
|                                                                                ^

E:\git\Embedded_Software_Architecture\03_Project_Code\x_platform\ServicesLayer\ExceptionSignalCapture\signal_segv.c, line 67: error: struct "40" has no field "error_code"
|          fprintf(stderr, "Err Code  = 0x" "%lx" "\n",uc->uc_mcontext . error_code);
|                                                                        ^

E:\git\Embedded_Software_Architecture\03_Project_Code\x_platform\ServicesLayer\ExceptionSignalCapture\signal_segv.c, line 99: error: struct "40" has no field "arm_fp"
|          const void **frame_pointer = (const void **)uc->uc_mcontext.arm_fp;
|                                                                      ^

E:\git\Embedded_Software_Architecture\03_Project_Code\x_platform\ServicesLayer\ExceptionSignalCapture\signal_segv.c, line 100: error: struct "40" has no field "arm_pc"
|          const void *return_address = (const void *)uc->uc_mcontext.arm_pc;
|                                                                     ^

22 errors detected in the compilation of "signal_segv.c".
E:\git\Embedded_Software_Architecture\03_Project_Code\x_platform\ServicesLayer\ExceptionSignalCapture\signal_segv.c: warning: Failed compilation.
Verifying srv_algor.c (18/21) [C]
Verifying srv_memory.c (19/21) [C]
Verifying srv_queue.c (20/21) [C]
Verifying std_lib.c (21/21) [C]
Global compilation phase...

Warning: 7 files failed to compile (33% of all files).
|        Trying to link compiled files anyway.
Warning: Both C and C++ coding standard checkers enabled: Using C++ checkers to detect project-wide rule violations in mixed C/C++ project.
Linking phase for C++ coding standards...
Warning: C++ compilation and linking of translation units failed. This can lead to incomplete results for project-wide C++ coding standard violations. Relaunch with option -verbose to obtain more details.

Number of files                  : 21
Number of lines                  : 4654
Number of lines without comments : 2483

Verifying cross-files armcc C-CPP compliance
E:\git\Embedded_Software_Architecture\03_Project_Code\x_platform\ApplicationLayer\main\main.c, line 28: Warning: procedure 'main' multiply defined:
| previously defined at E:\git\Embedded_Software_Architecture\03_Project_Code\x_platform\Debug\debug_client.c, line 45
| warning when linking the 2 translation units:
| E:\git\Embedded_Software_Architecture\03_Project_Code\x_platform\ApplicationLayer\main\main.c
| E:\git\Embedded_Software_Architecture\03_Project_Code\x_platform\Debug\debug_client.c


Stubbing standard library functions ...
E:\git\Embedded_Software_Architecture\03_Project_Code\x_platform\ApplicationLayer\main\main.c, line 36 (column 4): Warning: the prototype for function 'RTE_ELOG_INIT' is unknown.
| Derived prototype of function from its call is: int RTE_ELOG_INIT(void)
E:\git\Embedded_Software_Architecture\03_Project_Code\x_platform\ApplicationLayer\main\main.c, line 37 (column 4): Warning: the prototype for function 'RTE_DEBUG_INIT' is unknown.
| Derived prototype of function from its call is: int RTE_DEBUG_INIT(void)
E:\git\Embedded_Software_Architecture\03_Project_Code\x_platform\ApplicationLayer\main\main.c, line 39 (column 4): Warning: the prototype for function 'RTE_LOG_I' is unknown.
| Derived prototype of function from its call is: int RTE_LOG_I(void *, void *)
E:\git\Embedded_Software_Architecture\03_Project_Code\x_platform\ApplicationLayer\main\main.c, line 47 (column 8): Warning: the prototype for function 'RTE_OSAL_SLEEP_SEC' is unknown.
| Derived prototype of function from its call is: int RTE_OSAL_SLEEP_SEC(int)
E:\git\Embedded_Software_Architecture\03_Project_Code\x_platform\ApplicationLayer\main\main.c, line 46 (column 8): Warning: the prototype for function 'RTE_LOG_V' is unknown.
| Derived prototype of function from its call is: int RTE_LOG_V(void *)
Remark: The generated default DRS XML file "drs-template.xml" can be found in <result_dir> folder.
Doing code transformations ...


**********************************************************
MISRA C:2012 Rule checker results
 Use the Report Generator in order to get the complete report.
Coding standards checking might not be complete. Some rule violations
 are detected after the source compliance checking phase.
**********************************************************
Summary per file:
  File E:\git\Embedded_Software_Architecture\03_Project_Code\x_platform\ApplicationLayer\Debug_Cmd\debug_cmd.c: 
    23 rules violated
  File E:\git\Embedded_Software_Architecture\03_Project_Code\x_platform\ApplicationLayer\Debug_Cmd\debug_cmd.h: 
    2 rules violated
  File E:\git\Embedded_Software_Architecture\03_Project_Code\x_platform\ApplicationLayer\Debug_Cmd\debug_elog_if.c: 
    15 rules violated
  File E:\git\Embedded_Software_Architecture\03_Project_Code\x_platform\ApplicationLayer\Debug_Cmd\debug_elog_if.h: 
    3 rules violated
  File E:\git\Embedded_Software_Architecture\03_Project_Code\x_platform\ApplicationLayer\Debug_Cmd\debug_tp.c: 
    20 rules violated
  File E:\git\Embedded_Software_Architecture\03_Project_Code\x_platform\ApplicationLayer\Debug_Cmd\debug_tp.h: 
    1 rule violated
  File E:\git\Embedded_Software_Architecture\03_Project_Code\x_platform\ApplicationLayer\main\main.c: 
    17 rules violated
  File E:\git\Embedded_Software_Architecture\03_Project_Code\x_platform\Debug\debug_client.c: 
    9 rules violated
  File E:\git\Embedded_Software_Architecture\03_Project_Code\x_platform\HardwareAbstractionLayer\Interrupt\hal_int.c: 
    2 rules violated
  File E:\git\Embedded_Software_Architecture\03_Project_Code\x_platform\HardwareAbstractionLayer\Key\hal_key.c: 
    1 rule violated
  File E:\git\Embedded_Software_Architecture\03_Project_Code\x_platform\HardwareAbstractionLayer\Uart\hal_uart.c: 
    2 rules violated
  File E:\git\Embedded_Software_Architecture\03_Project_Code\x_platform\ServicesLayer\Algor\srv_algor.c: 
    2 rules violated
  File E:\git\Embedded_Software_Architecture\03_Project_Code\x_platform\ServicesLayer\ExceptionSignalCapture\signal_segv.c: 
    51 rules violated
  File E:\git\Embedded_Software_Architecture\03_Project_Code\x_platform\ServicesLayer\Memory\srv_memory.c: 
    8 rules violated
  File E:\git\Embedded_Software_Architecture\03_Project_Code\x_platform\ServicesLayer\osal\src\osal.c: 
    11 rules violated
**********************************************************
Summary per rule:
  rule D2.1 violated 52 times
  rule 17.3 violated 39 times
  rule 20.7 violated 21 times
  rule 17.7 violated 8 times
  rule 10.1 violated 5 times
  rule 21.6 violated 5 times
  rule 1.3 violated 3 times
  rule 10.8 violated 3 times
  rule 14.4 violated 3 times
  rule 15.6 violated 3 times
  rule 21.3 violated 3 times
  rule 7.4 violated 3 times
  rule D4.12 violated 3 times
  rule 13.2 violated 2 times
  rule 2.1 violated 2 times
  rule 20.8 violated 2 times
  rule 21.5 violated 2 times
  rule 10.3 violated 1 time
  rule 11.3 violated 1 time
  rule 17.2 violated 1 time
  rule 21.1 violated 1 time
  rule 8.3 violated 1 time
  rule 8.5 violated 1 time
  rule 8.6 violated 1 time
  rule 8.8 violated 1 time




Packing compilation data

Defects statistics:
  - Total number of defects: 1
  - DECL_MISMATCH: 1
done.

**********************************************************
***
*** armcc C-CPP source compliance checking done
***
**********************************************************
Ending at: Mon Sep 06 21:27:58 2021
User time for compilation: 00:00:46.47 (46.48real, 46.48u + 0s (0.06gc))

Polyspace C/C++ analysis
Copyright 1999-2020 The MathWorks, Inc.
All rights reserved.

Starting at: Mon Sep 06 21:27:58 2021
Host: MINGW64_NTx_64-6.2 ENVY 0 amd64
User: HP
**********************************************************
***
*** Beginning Bug-finder - Pre-analysis
***
**********************************************************
**** Bug-finder - Pre-analysis - 1 (P_AL)
Total complexity = 11565
**** Bug-finder - Pre-analysis - 1 (P_AL) took 1.75real, 1.75u + 0s (0.08gc)
**** Bug-finder - Pre-analysis - 2 (P_ACP)
* n-acp-t = 0 n-epp' = 0 n-acp-l = 0
**** Bug-finder - Pre-analysis - 2 (P_ACP) took 0.58real, 0.58u + 0s
**** Bug-finder - Pre-analysis - 3 (P_O)
**** Bug-finder - Pre-analysis - 3 (P_O) took 0.12real, 0.12u + 0s
**** Bug-finder - Pre-analysis - 4 (P_MA)
**** Bug-finder - Pre-analysis - 4 (P_MA) took 0.1real, 0.1u + 0s (0.02gc)
**** Bug-finder - Pre-analysis - 5 (P_G)
**** Bug-finder - Pre-analysis - 5 (P_G) took 0.14real, 0.14u + 0s (0.02gc)
**** Bug-finder - Pre-analysis - 6 (P_DRC)
**** Bug-finder - Pre-analysis - 6 (P_DRC) took 0real, 0u + 0s
**** Bug-finder - Pre-analysis - 7 (P_TT)
**** Bug-finder - Pre-analysis - 7 (P_TT) took 0real, 0u + 0s
**** Bug-finder - Pre-analysis - 8 (P_FI)
**** Bug-finder - Pre-analysis - 8 (P_FI) took 0.6real, 0.6u + 0s (0.02gc)

Generating GUI files

Defects statistics:
  - Total number of defects: 1
  - DECL_MISMATCH: 1

GUI files generation completed in 0.87real

**********************************************************
***
*** Bug-finder - Pre-analysis done
***
**********************************************************
Ending at: Mon Sep 06 21:28:04 2021
User time for pre-analysis: 00:00:05.75 (5.75real, 5.75u + 0s (0.16gc))

Polyspace C/C++ analysis
Copyright 1999-2020 The MathWorks, Inc.
All rights reserved.

Starting at: Mon Sep 06 21:28:04 2021
Host: MINGW64_NTx_64-6.2 ENVY 0 amd64
User: HP
**********************************************************
***
*** Beginning Bug-finder - Function Analysis
***
**********************************************************
**** Bug-finder - Function Analysis - (Verifying function #1 / 67: Srv_Free)
**** Bug-finder - Function Analysis - (Verifying function #2 / 67: Srv_QueueOut)
**** Bug-finder - Function Analysis - (Verifying function #3 / 67: Osal_OsInit)
**** Bug-finder - Function Analysis - (Verifying function #4 / 67: Osal_SemCreate)
**** Bug-finder - Function Analysis - (Verifying function #5 / 67: Hal_UartWrite)
**** Bug-finder - Function Analysis - (Verifying function #6 / 67: Srv_Realloc)
**** Bug-finder - Function Analysis - (Verifying function #7 / 67: Hal_CheckNewKey)
**** Bug-finder - Function Analysis - (Verifying function #8 / 67: Hal_GetKeySta)
**** Bug-finder - Function Analysis - (Verifying function #9 / 67: Hal_GetWifiLedSta)
**** Bug-finder - Function Analysis - (Verifying function #10 / 67: Fsal_AnaysisDir)
**** Bug-finder - Function Analysis - (Verifying function #11 / 67: Srv_QueueIn)
**** Bug-finder - Function Analysis - (Verifying function #12 / 67: Fsal_OpenR)
**** Bug-finder - Function Analysis - (Verifying function #13 / 67: close)
**** Bug-finder - Function Analysis - (Verifying function #14 / 67: Osal_StartTaskConfig)
**** Bug-finder - Function Analysis - (Verifying function #15 / 67: Srv_AppendString)
**** Bug-finder - Function Analysis - (Verifying function #16 / 67: Hal_RunLedOn)
**** Bug-finder - Function Analysis - (Verifying function #17 / 67: Fsal_Time2Str)
**** Bug-finder - Function Analysis - (Verifying function #18 / 67: Srv_FirstOrderFilter)
**** Bug-finder - Function Analysis - (Verifying function #19 / 67: Srv_MemCopy)
**** Bug-finder - Function Analysis - (Verifying function #20 / 67: Hal_ClearNewKeyFlg)
**** Bug-finder - Function Analysis - (Verifying function #21 / 67: Osal_TmrStop)
**** Bug-finder - Function Analysis - (Verifying function #22 / 67: Fsal_MkDir)
**** Bug-finder - Function Analysis - (Verifying function #23 / 67: Osal_SemSet)
**** Bug-finder - Function Analysis - (Verifying function #24 / 67: Hal_IoInit)
**** Bug-finder - Function Analysis - (Verifying function #25 / 67: Hal_KeyScan)
**** Bug-finder - Function Analysis - (Verifying function #26 / 67: Srv_GetRand16)
**** Bug-finder - Function Analysis - (Verifying function #27 / 67: main)
**** Bug-finder - Function Analysis - (Verifying function #28 / 67: Osal_SemRead)
**** Bug-finder - Function Analysis - (Verifying function #29 / 67: Fsal_DiskGetfree)
**** Bug-finder - Function Analysis - (Verifying function #30 / 67: Srv_QueueIsFull)
**** Bug-finder - Function Analysis - (Verifying function #31 / 67: main)
**** Bug-finder - Function Analysis - (Verifying function #32 / 67: Osal_SemWait)
**** Bug-finder - Function Analysis - (Verifying function #33 / 67: Osal_DelayMs)
**** Bug-finder - Function Analysis - (Verifying function #34 / 67: Srv_MemInit)
**** Bug-finder - Function Analysis - (Verifying function #35 / 67: Srv_FindStringEndIndex)
**** Bug-finder - Function Analysis - (Verifying function #36 / 67: Hal_WifiComIsrHandle)
**** Bug-finder - Function Analysis - (Verifying function #37 / 67: Osal_DiffTsToUsec)
**** Bug-finder - Function Analysis - (Verifying function #38 / 67: Hal_SysUartInit)
**** Bug-finder - Function Analysis - (Verifying function #39 / 67: Osal_GetCurTs)
**** Bug-finder - Function Analysis - (Verifying function #40 / 67: Hal_SysInit)
**** Bug-finder - Function Analysis - (Verifying function #41 / 67: Fsal_OpenW)
**** Bug-finder - Function Analysis - (Verifying function #42 / 67: free)
**** Bug-finder - Function Analysis - (Verifying function #43 / 67: Srv_RemoveHeaderString)
**** Bug-finder - Function Analysis - (Verifying function #44 / 67: Srv_ReadQueueHead)
**** Bug-finder - Function Analysis - (Verifying function #45 / 67: Hal_UartReadByte)
**** Bug-finder - Function Analysis - (Verifying function #46 / 67: Osal_TmrCreate)
**** Bug-finder - Function Analysis - (Verifying function #47 / 67: Hal_KeyStateManage)
**** Bug-finder - Function Analysis - (Verifying function #48 / 67: Fsal_DelDir)
**** Bug-finder - Function Analysis - (Verifying function #49 / 67: Srv_GetStringLen)
**** Bug-finder - Function Analysis - (Verifying function #50 / 67: Osal_SemPost)
**** Bug-finder - Function Analysis - (Verifying function #51 / 67: Osal_TaskStkChk)
**** Bug-finder - Function Analysis - (Verifying function #52 / 67: Hal_RunLedOff)
**** Bug-finder - Function Analysis - (Verifying function #53 / 67: Srv_QueueIsEmpty)
**** Bug-finder - Function Analysis - (Verifying function #54 / 67: Srv_FindStringIndex)
**** Bug-finder - Function Analysis - (Verifying function #55 / 67: Srv_RemoveEndString)
**** Bug-finder - Function Analysis - (Verifying function #56 / 67: Srv_MemSet)
**** Bug-finder - Function Analysis - (Verifying function #57 / 67: Hal_SetWifiRxSemPostFunc)
**** Bug-finder - Function Analysis - (Verifying function #58 / 67: Hal_GetInitStatus)
**** Bug-finder - Function Analysis - (Verifying function #59 / 67: Hal_SetSysRxSemPostFunc)
**** Bug-finder - Function Analysis - (Verifying function #60 / 67: Osal_TmrStart)
**** Bug-finder - Function Analysis - (Verifying function #61 / 67: Srv_Malloc)
**** Bug-finder - Function Analysis - (Verifying function #62 / 67: Srv_MemPerused)
**** Bug-finder - Function Analysis - (Verifying function #63 / 67: Hal_SysComIsrHandle)
**** Bug-finder - Function Analysis - (Verifying function #64 / 67: Hal_WifiLedOff)
**** Bug-finder - Function Analysis - (Verifying function #65 / 67: Srv_MemCmp)
**** Bug-finder - Function Analysis - (Verifying function #66 / 67: Srv_QueueInit)
**** Bug-finder - Function Analysis - (Verifying function #67 / 67: Hal_WifiLedOn)
**** Bug-finder - Function Analysis - (Verifying function #67 / 67: Hal_WifiLedOn) took 1.03real
**** Bug-finder - Function Analysis - (Verifying function #66 / 67: Srv_QueueInit) took 1.19real
**** Bug-finder - Function Analysis - (Verifying function #64 / 67: Hal_WifiLedOff) took 0.39real
**** Bug-finder - Function Analysis - (Verifying function #65 / 67: Srv_MemCmp) took 0.6real
**** Bug-finder - Function Analysis - (Verifying function #62 / 67: Srv_MemPerused) took 0.66real
**** Bug-finder - Function Analysis - (Verifying function #63 / 67: Hal_SysComIsrHandle) took 0.75real
**** Bug-finder - Function Analysis - (Verifying function #61 / 67: Srv_Malloc) took 0.37real
**** Bug-finder - Function Analysis - (Verifying function #60 / 67: Osal_TmrStart) took 0.42real
**** Bug-finder - Function Analysis - (Verifying function #59 / 67: Hal_SetSysRxSemPostFunc) took 0.39real
**** Bug-finder - Function Analysis - (Verifying function #58 / 67: Hal_GetInitStatus) took 0.4real
**** Bug-finder - Function Analysis - (Verifying function #57 / 67: Hal_SetWifiRxSemPostFunc) took 0.4real
**** Bug-finder - Function Analysis - (Verifying function #56 / 67: Srv_MemSet) took 0.58real
**** Bug-finder - Function Analysis - (Verifying function #55 / 67: Srv_RemoveEndString) took 0.46real
**** Bug-finder - Function Analysis - (Verifying function #53 / 67: Srv_QueueIsEmpty) took 0.43real
**** Bug-finder - Function Analysis - (Verifying function #54 / 67: Srv_FindStringIndex) took 0.59real
**** Bug-finder - Function Analysis - (Verifying function #52 / 67: Hal_RunLedOff) took 0.42real
**** Bug-finder - Function Analysis - (Verifying function #51 / 67: Osal_TaskStkChk) took 0.44real
**** Bug-finder - Function Analysis - (Verifying function #50 / 67: Osal_SemPost) took 0.45real
**** Bug-finder - Function Analysis - (Verifying function #49 / 67: Srv_GetStringLen) took 0.57real
**** Bug-finder - Function Analysis - (Verifying function #47 / 67: Hal_KeyStateManage) took 0.89real
**** Bug-finder - Function Analysis - (Verifying function #46 / 67: Osal_TmrCreate) took 0.38real
**** Bug-finder - Function Analysis - (Verifying function #45 / 67: Hal_UartReadByte) took 0.46real
**** Bug-finder - Function Analysis - (Verifying function #44 / 67: Srv_ReadQueueHead) took 0.37real
**** Bug-finder - Function Analysis - (Verifying function #43 / 67: Srv_RemoveHeaderString) took 0.43real
**** Bug-finder - Function Analysis - (Verifying function #48 / 67: Fsal_DelDir) took 2.8real
**** Bug-finder - Function Analysis - (Verifying function #42 / 67: free) took 0.31real
**** Bug-finder - Function Analysis - (Verifying function #40 / 67: Hal_SysInit) took 0.3real
**** Bug-finder - Function Analysis - (Verifying function #41 / 67: Fsal_OpenW) took 0.36real
**** Bug-finder - Function Analysis - (Verifying function #39 / 67: Osal_GetCurTs) took 0.31real
**** Bug-finder - Function Analysis - (Verifying function #38 / 67: Hal_SysUartInit) took 0.49real
**** Bug-finder - Function Analysis - (Verifying function #37 / 67: Osal_DiffTsToUsec) took 0.34real
**** Bug-finder - Function Analysis - (Verifying function #36 / 67: Hal_WifiComIsrHandle) took 0.38real
**** Bug-finder - Function Analysis - (Verifying function #35 / 67: Srv_FindStringEndIndex) took 0.52real
**** Bug-finder - Function Analysis - (Verifying function #34 / 67: Srv_MemInit) took 0.27real
**** Bug-finder - Function Analysis - (Verifying function #33 / 67: Osal_DelayMs) took 0.31real
**** Bug-finder - Function Analysis - (Verifying function #31 / 67: main) took 1.7real
**** Bug-finder - Function Analysis - (Verifying function #32 / 67: Osal_SemWait) took 0.32real
**** Bug-finder - Function Analysis - (Verifying function #30 / 67: Srv_QueueIsFull) took 0.36real
**** Bug-finder - Function Analysis - (Verifying function #29 / 67: Fsal_DiskGetfree) took 0.39real
**** Bug-finder - Function Analysis - (Verifying function #28 / 67: Osal_SemRead) took 0.32real
**** Bug-finder - Function Analysis - (Verifying function #27 / 67: main) took 0.42real
**** Bug-finder - Function Analysis - (Verifying function #26 / 67: Srv_GetRand16) took 0.34real
**** Bug-finder - Function Analysis - (Verifying function #24 / 67: Hal_IoInit) took 0.31real
**** Bug-finder - Function Analysis - (Verifying function #25 / 67: Hal_KeyScan) took 0.39real
**** Bug-finder - Function Analysis - (Verifying function #23 / 67: Osal_SemSet) took 0.32real
**** Bug-finder - Function Analysis - (Verifying function #21 / 67: Osal_TmrStop) took 0.31real
**** Bug-finder - Function Analysis - (Verifying function #22 / 67: Fsal_MkDir) took 0.53real
**** Bug-finder - Function Analysis - (Verifying function #20 / 67: Hal_ClearNewKeyFlg) took 0.33real
**** Bug-finder - Function Analysis - (Verifying function #19 / 67: Srv_MemCopy) took 0.47real
**** Bug-finder - Function Analysis - (Verifying function #18 / 67: Srv_FirstOrderFilter) took 0.4real
**** Bug-finder - Function Analysis - (Verifying function #16 / 67: Hal_RunLedOn) took 0.3real
**** Bug-finder - Function Analysis - (Verifying function #15 / 67: Srv_AppendString) took 0.36real
**** Bug-finder - Function Analysis - (Verifying function #14 / 67: Osal_StartTaskConfig) took 0.3real
**** Bug-finder - Function Analysis - (Verifying function #17 / 67: Fsal_Time2Str) took 1.61real
**** Bug-finder - Function Analysis - (Verifying function #13 / 67: close) took 0.34real
**** Bug-finder - Function Analysis - (Verifying function #12 / 67: Fsal_OpenR) took 0.31real
**** Bug-finder - Function Analysis - (Verifying function #11 / 67: Srv_QueueIn) took 0.45real
**** Bug-finder - Function Analysis - (Verifying function #9 / 67: Hal_GetWifiLedSta) took 0.29real
**** Bug-finder - Function Analysis - (Verifying function #10 / 67: Fsal_AnaysisDir) took 0.56real
**** Bug-finder - Function Analysis - (Verifying function #8 / 67: Hal_GetKeySta) took 0.31real
**** Bug-finder - Function Analysis - (Verifying function #7 / 67: Hal_CheckNewKey) took 0.3real
**** Bug-finder - Function Analysis - (Verifying function #6 / 67: Srv_Realloc) took 0.33real
**** Bug-finder - Function Analysis - (Verifying function #4 / 67: Osal_SemCreate) took 0.34real
**** Bug-finder - Function Analysis - (Verifying function #5 / 67: Hal_UartWrite) took 0.7real
**** Bug-finder - Function Analysis - (Verifying function #3 / 67: Osal_OsInit) took 0.36real
**** Bug-finder - Function Analysis - (Verifying function #1 / 67: Srv_Free) took 0.98real
**** Bug-finder - Function Analysis - (Verifying function #2 / 67: Srv_QueueOut) took 0.53real
Maximum Memory Usage: 575 MB

Generating GUI files

Defects statistics:
  - Total number of defects: 3
  - USELESS_WRITE: 1
  - UNREACHABLE: 1
  - DECL_MISMATCH: 1

GUI files generation completed in 0.75real

* Total IL complexity: 19150

**********************************************************
***
*** Bug-finder - Function Analysis done
***
**********************************************************
Ending at: Mon Sep 06 21:28:25 2021
User time for function: 00:00:20.92 (20.92real, 20.92u + 0s (0.09gc))

Polyspace C/C++ analysis
Copyright 1999-2020 The MathWorks, Inc.
All rights reserved.

Starting at: Mon Sep 06 21:28:25 2021
Host: MINGW64_NTx_64-6.2 ENVY 0 amd64
User: HP
**********************************************************
***
*** Beginning Bug-finder - Module Analysis
***
**********************************************************
**** Bug-finder - Module Analysis - 1 (Computing modules)
**** Bug-finder - Module Analysis - 1 (Computing modules) took 0.03real, 0.03u + 0s
* Created 1 module
**** Bug-finder - Module Analysis - (Verifying module #1 / 1: 33 functions)
**** Bug-finder - Module Analysis - (Verifying module #1 / 1: 33 functions) took 4.76real
Maximum Memory Usage: 575 MB

Generating GUI files

Defects statistics:
  - Total number of defects: 3
  - USELESS_WRITE: 1
  - UNREACHABLE: 1
  - DECL_MISMATCH: 1

GUI files generation completed in 0.87real

**********************************************************
***
*** Bug-finder - Module Analysis done
***
**********************************************************
Ending at: Mon Sep 06 21:28:32 2021
User time for module: 00:00:06.80 (6.81real, 6.81u + 0s (0.06gc))

Polyspace C/C++ analysis
Copyright 1999-2020 The MathWorks, Inc.
All rights reserved.

Starting at: Mon Sep 06 21:28:32 2021
Host: MINGW64_NTx_64-6.2 ENVY 0 amd64
User: HP
**********************************************************
***
*** Beginning Bug-finder - Global analysis
***
**********************************************************

Generating GUI files

Defects statistics:
  - Total number of defects: 3
  - USELESS_WRITE: 1
  - UNREACHABLE: 1
  - DECL_MISMATCH: 1

GUI files generation completed in 0.8real


**********************************************************
MISRA C:2012 Rule checker results
 Use the Report Generator in order to get the complete report.
**********************************************************
Summary per file:
  File E:\git\Embedded_Software_Architecture\03_Project_Code\x_platform\ApplicationLayer\Debug_Cmd\debug_cmd.c: 
    23 rules violated
  File E:\git\Embedded_Software_Architecture\03_Project_Code\x_platform\ApplicationLayer\Debug_Cmd\debug_cmd.h: 
    2 rules violated
  File E:\git\Embedded_Software_Architecture\03_Project_Code\x_platform\ApplicationLayer\Debug_Cmd\debug_elog_if.c: 
    15 rules violated
  File E:\git\Embedded_Software_Architecture\03_Project_Code\x_platform\ApplicationLayer\Debug_Cmd\debug_elog_if.h: 
    3 rules violated
  File E:\git\Embedded_Software_Architecture\03_Project_Code\x_platform\ApplicationLayer\Debug_Cmd\debug_tp.c: 
    20 rules violated
  File E:\git\Embedded_Software_Architecture\03_Project_Code\x_platform\ApplicationLayer\Debug_Cmd\debug_tp.h: 
    1 rule violated
  File E:\git\Embedded_Software_Architecture\03_Project_Code\x_platform\ApplicationLayer\main\main.c: 
    17 rules violated
  File E:\git\Embedded_Software_Architecture\03_Project_Code\x_platform\Debug\debug_client.c: 
    11 rules violated
  File E:\git\Embedded_Software_Architecture\03_Project_Code\x_platform\HardwareAbstractionLayer\Interrupt\hal_int.c: 
    2 rules violated
  File E:\git\Embedded_Software_Architecture\03_Project_Code\x_platform\HardwareAbstractionLayer\Key\hal_key.c: 
    1 rule violated
  File E:\git\Embedded_Software_Architecture\03_Project_Code\x_platform\HardwareAbstractionLayer\Platform\hal.c: 
    1 rule violated
  File E:\git\Embedded_Software_Architecture\03_Project_Code\x_platform\HardwareAbstractionLayer\Uart\hal_uart.c: 
    2 rules violated
  File E:\git\Embedded_Software_Architecture\03_Project_Code\x_platform\ServicesLayer\Algor\srv_algor.c: 
    2 rules violated
  File E:\git\Embedded_Software_Architecture\03_Project_Code\x_platform\ServicesLayer\ExceptionSignalCapture\signal_segv.c: 
    51 rules violated
  File E:\git\Embedded_Software_Architecture\03_Project_Code\x_platform\ServicesLayer\Memory\srv_memory.c: 
    8 rules violated
  File E:\git\Embedded_Software_Architecture\03_Project_Code\x_platform\ServicesLayer\osal\src\osal.c: 
    11 rules violated
**********************************************************
Summary per rule:
  rule D2.1 violated 52 times
  rule 17.3 violated 39 times
  rule 20.7 violated 21 times
  rule 17.7 violated 8 times
  rule 10.1 violated 5 times
  rule 21.6 violated 5 times
  rule 1.3 violated 3 times
  rule 10.8 violated 3 times
  rule 14.4 violated 3 times
  rule 15.6 violated 3 times
  rule 21.3 violated 3 times
  rule 7.4 violated 3 times
  rule D4.12 violated 3 times
  rule 13.2 violated 2 times
  rule 2.1 violated 2 times
  rule 20.8 violated 2 times
  rule 21.5 violated 2 times
  rule D4.7 violated 2 times
  rule 10.3 violated 1 time
  rule 11.3 violated 1 time
  rule 17.2 violated 1 time
  rule 2.2 violated 1 time
  rule 21.1 violated 1 time
  rule 8.3 violated 1 time
  rule 8.5 violated 1 time
  rule 8.6 violated 1 time
  rule 8.8 violated 1 time

Importing comments from E:\git\Embedded_Software_Architecture\04_Project_Test\00_SoftwareTest\Polyspace\Module_1\BF_Result\comments_bak folder

Operation completed:
--------------------

Diff statistics for Defect results:
-----------------------------------
| Number of backuped comments attached to disappeared results                : 0
| Number of unmatched uncommented results                                    : 0
| Number of results comments not imported because a more recent one was found: 0
| Number of partially imported results comments (due to a result change)     : 0
| Number of fully imported results comments                                  : 0
| Number of matched results without comment                                  : 3
| Number of matched results with a comment coming from source code annotation: 0
| Total number of results                                                    : 2

Diff statistics for MISRA C:2012 results:
-----------------------------------------
| Number of backuped comments attached to disappeared results                : 0
| Number of unmatched uncommented results                                    : 278
| Number of results comments not imported because a more recent one was found: 0
| Number of partially imported results comments (due to a result change)     : 0
| Number of fully imported results comments                                  : 0
| Number of matched results without comment                                  : 157
| Number of matched results with a comment coming from source code annotation: 0
| Total number of results                                                    : 412


**********************************************************
***
*** Bug-finder - Global analysis done
***
**********************************************************
Ending at: Mon Sep 06 21:28:34 2021
User time for global: 00:00:01.97 (1.98real, 1.98u + 0s (0.08gc))
User time for polyspace-bug-finder: 00:01:23 (83.88real, 83.88u + 0s (0.48gc))

***
*** End of Polyspace analysis
***
